<?xml version="1.0" encoding="UTF-8"?>
<testsuite name="com.laboratorio.controllers.ClienteControllerTest" tests="3" skipped="0" failures="0" errors="0" timestamp="2021-06-25T01:17:51" hostname="CHRISTIAN-WORK" time="0.535">
  <properties/>
  <testcase name="testGetClienteNull()" classname="com.laboratorio.controllers.ClienteControllerTest" time="0.355"/>
  <testcase name="testGetClienteError()" classname="com.laboratorio.controllers.ClienteControllerTest" time="0.015"/>
  <testcase name="testGetCliente()" classname="com.laboratorio.controllers.ClienteControllerTest" time="0.158"/>
  <system-out><![CDATA[20:17:44.247 [Test worker] DEBUG org.springframework.test.context.BootstrapUtils - Instantiating CacheAwareContextLoaderDelegate from class [org.springframework.test.context.cache.DefaultCacheAwareContextLoaderDelegate]
20:17:44.290 [Test worker] DEBUG org.springframework.test.context.BootstrapUtils - Instantiating BootstrapContext using constructor [public org.springframework.test.context.support.DefaultBootstrapContext(java.lang.Class,org.springframework.test.context.CacheAwareContextLoaderDelegate)]
20:17:44.404 [Test worker] DEBUG org.springframework.test.context.BootstrapUtils - Instantiating TestContextBootstrapper for test class [com.laboratorio.controllers.ClienteControllerTest] from class [org.springframework.boot.test.autoconfigure.web.servlet.WebMvcTestContextBootstrapper]
20:17:44.445 [Test worker] INFO org.springframework.boot.test.autoconfigure.web.servlet.WebMvcTestContextBootstrapper - Neither @ContextConfiguration nor @ContextHierarchy found for test class [com.laboratorio.controllers.ClienteControllerTest], using SpringBootContextLoader
20:17:44.458 [Test worker] DEBUG org.springframework.test.context.support.AbstractContextLoader - Did not detect default resource location for test class [com.laboratorio.controllers.ClienteControllerTest]: class path resource [com/laboratorio/controllers/ClienteControllerTest-context.xml] does not exist
20:17:44.459 [Test worker] DEBUG org.springframework.test.context.support.AbstractContextLoader - Did not detect default resource location for test class [com.laboratorio.controllers.ClienteControllerTest]: class path resource [com/laboratorio/controllers/ClienteControllerTestContext.groovy] does not exist
20:17:44.460 [Test worker] INFO org.springframework.test.context.support.AbstractContextLoader - Could not detect default resource locations for test class [com.laboratorio.controllers.ClienteControllerTest]: no resource found for suffixes {-context.xml, Context.groovy}.
20:17:44.463 [Test worker] INFO org.springframework.test.context.support.AnnotationConfigContextLoaderUtils - Could not detect default configuration classes for test class [com.laboratorio.controllers.ClienteControllerTest]: ClienteControllerTest does not declare any static, non-private, non-final, nested classes annotated with @Configuration.
20:17:44.658 [Test worker] DEBUG org.springframework.test.context.support.ActiveProfilesUtils - Could not find an 'annotation declaring class' for annotation type [org.springframework.test.context.ActiveProfiles] and class [com.laboratorio.controllers.ClienteControllerTest]
20:17:44.910 [Test worker] DEBUG org.springframework.context.annotation.ClassPathScanningCandidateComponentProvider - Identified candidate component class: file [C:\Users\Alexis Rodriguez\Escritorio\expo personalSoft\Laboratorio JPA\laboratorio\build\classes\java\main\com\laboratorio\LaboratorioApplication.class]
20:17:44.915 [Test worker] INFO org.springframework.boot.test.context.SpringBootTestContextBootstrapper - Found @SpringBootConfiguration com.laboratorio.LaboratorioApplication for test class com.laboratorio.controllers.ClienteControllerTest
20:17:44.925 [Test worker] DEBUG org.springframework.boot.test.autoconfigure.web.servlet.WebMvcTestContextBootstrapper - @TestExecutionListeners is not present for class [com.laboratorio.controllers.ClienteControllerTest]: using defaults.
20:17:44.927 [Test worker] INFO org.springframework.boot.test.autoconfigure.web.servlet.WebMvcTestContextBootstrapper - Loaded default TestExecutionListener class names from location [META-INF/spring.factories]: [org.springframework.boot.test.autoconfigure.restdocs.RestDocsTestExecutionListener, org.springframework.boot.test.autoconfigure.web.client.MockRestServiceServerResetTestExecutionListener, org.springframework.boot.test.autoconfigure.web.servlet.MockMvcPrintOnlyOnFailureTestExecutionListener, org.springframework.boot.test.autoconfigure.web.servlet.WebDriverTestExecutionListener, org.springframework.boot.test.autoconfigure.webservices.client.MockWebServiceServerTestExecutionListener, org.springframework.boot.test.mock.mockito.MockitoTestExecutionListener, org.springframework.boot.test.mock.mockito.ResetMocksTestExecutionListener, org.springframework.test.context.web.ServletTestExecutionListener, org.springframework.test.context.support.DirtiesContextBeforeModesTestExecutionListener, org.springframework.test.context.event.ApplicationEventsTestExecutionListener, org.springframework.test.context.support.DependencyInjectionTestExecutionListener, org.springframework.test.context.support.DirtiesContextTestExecutionListener, org.springframework.test.context.transaction.TransactionalTestExecutionListener, org.springframework.test.context.jdbc.SqlScriptsTestExecutionListener, org.springframework.test.context.event.EventPublishingTestExecutionListener]
20:17:44.984 [Test worker] INFO org.springframework.boot.test.autoconfigure.web.servlet.WebMvcTestContextBootstrapper - Using TestExecutionListeners: [org.springframework.test.context.web.ServletTestExecutionListener@2d4534ac, org.springframework.test.context.support.DirtiesContextBeforeModesTestExecutionListener@7cba7062, org.springframework.test.context.event.ApplicationEventsTestExecutionListener@73d39f2, org.springframework.boot.test.mock.mockito.MockitoTestExecutionListener@4405a17b, org.springframework.boot.test.autoconfigure.SpringBootDependencyInjectionTestExecutionListener@40e11d03, org.springframework.test.context.support.DirtiesContextTestExecutionListener@6ff74c1d, org.springframework.test.context.transaction.TransactionalTestExecutionListener@1eb1ab8, org.springframework.test.context.jdbc.SqlScriptsTestExecutionListener@688c7d87, org.springframework.test.context.event.EventPublishingTestExecutionListener@20cd6c90, org.springframework.boot.test.autoconfigure.restdocs.RestDocsTestExecutionListener@758f4b30, org.springframework.boot.test.autoconfigure.web.client.MockRestServiceServerResetTestExecutionListener@2c68a1e3, org.springframework.boot.test.autoconfigure.web.servlet.MockMvcPrintOnlyOnFailureTestExecutionListener@278391ac, org.springframework.boot.test.autoconfigure.web.servlet.WebDriverTestExecutionListener@6ce1d020, org.springframework.boot.test.autoconfigure.webservices.client.MockWebServiceServerTestExecutionListener@6338d047, org.springframework.boot.test.mock.mockito.ResetMocksTestExecutionListener@ab6127a]
20:17:45.001 [Test worker] DEBUG org.springframework.test.context.support.AbstractDirtiesContextTestExecutionListener - Before test class: context [DefaultTestContext@85ef4a5 testClass = ClienteControllerTest, testInstance = [null], testMethod = [null], testException = [null], mergedContextConfiguration = [WebMergedContextConfiguration@2f9aaa50 testClass = ClienteControllerTest, locations = '{}', classes = '{class com.laboratorio.LaboratorioApplication}', contextInitializerClasses = '[]', activeProfiles = '{}', propertySourceLocations = '{}', propertySourceProperties = '{org.springframework.boot.test.autoconfigure.web.servlet.WebMvcTestContextBootstrapper=true}', contextCustomizers = set[org.springframework.boot.test.autoconfigure.OverrideAutoConfigurationContextCustomizerFactory$DisableAutoConfigurationContextCustomizer@5255200f, org.springframework.boot.test.autoconfigure.actuate.metrics.MetricsExportContextCustomizerFactory$DisableMetricExportContextCustomizer@1ce7c1ea, org.springframework.boot.test.autoconfigure.filter.TypeExcludeFiltersContextCustomizer@8a7747c7, org.springframework.boot.test.autoconfigure.properties.PropertyMappingContextCustomizer@4716ac8c, org.springframework.boot.test.autoconfigure.web.servlet.WebDriverContextCustomizerFactory$Customizer@776fdfb2, [ImportsContextCustomizer@68f1a63a key = [org.springframework.boot.autoconfigure.cache.CacheAutoConfiguration, org.springframework.boot.autoconfigure.context.MessageSourceAutoConfiguration, org.springframework.boot.autoconfigure.data.web.SpringDataWebAutoConfiguration, org.springframework.boot.autoconfigure.freemarker.FreeMarkerAutoConfiguration, org.springframework.boot.autoconfigure.groovy.template.GroovyTemplateAutoConfiguration, org.springframework.boot.autoconfigure.gson.GsonAutoConfiguration, org.springframework.boot.autoconfigure.hateoas.HypermediaAutoConfiguration, org.springframework.boot.autoconfigure.http.HttpMessageConvertersAutoConfiguration, org.springframework.boot.autoconfigure.jackson.JacksonAutoConfiguration, org.springframework.boot.autoconfigure.jsonb.JsonbAutoConfiguration, org.springframework.boot.autoconfigure.mustache.MustacheAutoConfiguration, org.springframework.boot.autoconfigure.task.TaskExecutionAutoConfiguration, org.springframework.boot.autoconfigure.thymeleaf.ThymeleafAutoConfiguration, org.springframework.boot.autoconfigure.validation.ValidationAutoConfiguration, org.springframework.boot.autoconfigure.web.servlet.error.ErrorMvcAutoConfiguration, org.springframework.boot.autoconfigure.web.servlet.HttpEncodingAutoConfiguration, org.springframework.boot.autoconfigure.web.servlet.WebMvcAutoConfiguration, org.springframework.boot.test.autoconfigure.web.servlet.MockMvcAutoConfiguration, org.springframework.boot.test.autoconfigure.web.servlet.MockMvcWebClientAutoConfiguration, org.springframework.boot.test.autoconfigure.web.servlet.MockMvcWebDriverAutoConfiguration, org.springframework.boot.autoconfigure.security.oauth2.client.servlet.OAuth2ClientAutoConfiguration, org.springframework.boot.autoconfigure.security.oauth2.resource.servlet.OAuth2ResourceServerAutoConfiguration, org.springframework.boot.autoconfigure.security.servlet.SecurityAutoConfiguration, org.springframework.boot.autoconfigure.security.servlet.SecurityFilterAutoConfiguration, org.springframework.boot.autoconfigure.security.servlet.UserDetailsServiceAutoConfiguration, org.springframework.boot.test.autoconfigure.web.servlet.MockMvcSecurityConfiguration, org.springframework.web.servlet.config.annotation.DelegatingWebMvcConfiguration]], org.springframework.boot.test.context.filter.ExcludeFilterContextCustomizer@203d466a, org.springframework.boot.test.json.DuplicateJsonObjectContextCustomizerFactory$DuplicateJsonObjectContextCustomizer@3009ce1, org.springframework.boot.test.mock.mockito.MockitoContextCustomizer@92c08830, org.springframework.boot.test.context.SpringBootTestArgs@1, org.springframework.boot.test.context.SpringBootTestWebEnvironment@0], resourceBasePath = 'src/main/webapp', contextLoader = 'org.springframework.boot.test.context.SpringBootContextLoader', parent = [null]], attributes = map[[empty]]], class annotated with @DirtiesContext [false] with mode [null].
20:17:45.109 [Test worker] DEBUG org.springframework.test.context.support.TestPropertySourceUtils - Adding inlined properties to environment: {spring.jmx.enabled=false, org.springframework.boot.test.autoconfigure.web.servlet.WebMvcTestContextBootstrapper=true}

  .   ____          _            __ _ _
 /\\ / ___'_ __ _ _(_)_ __  __ _ \ \ \ \
( ( )\___ | '_ | '_| | '_ \/ _` | \ \ \ \
 \\/  ___)| |_)| | | | | || (_| |  ) ) ) )
  '  |____| .__|_| |_|_| |_\__, | / / / /
 =========|_|==============|___/=/_/_/_/
 :: Spring Boot ::                (v2.5.1)

2021-06-24 20:17:46.235  INFO 17584 --- [    Test worker] c.l.controllers.ClienteControllerTest    : Starting ClienteControllerTest using Java 1.8.0_192 on christian-work with PID 17584 (started by Alexis Rodriguez in C:\Users\Alexis Rodriguez\Escritorio\expo personalSoft\Laboratorio JPA\laboratorio)
2021-06-24 20:17:46.243  INFO 17584 --- [    Test worker] c.l.controllers.ClienteControllerTest    : No active profile set, falling back to default profiles: default
2021-06-24 20:17:51.556  INFO 17584 --- [    Test worker] o.s.b.t.m.w.SpringBootMockServletContext : Initializing Spring TestDispatcherServlet ''
2021-06-24 20:17:51.556  INFO 17584 --- [    Test worker] o.s.t.web.servlet.TestDispatcherServlet  : Initializing Servlet ''
2021-06-24 20:17:51.566  INFO 17584 --- [    Test worker] o.s.t.web.servlet.TestDispatcherServlet  : Completed initialization in 8 ms
2021-06-24 20:17:51.638  INFO 17584 --- [    Test worker] c.l.controllers.ClienteControllerTest    : Started ClienteControllerTest in 6.508 seconds (JVM running for 9.837)
]]></system-out>
  <system-err><![CDATA[]]></system-err>
</testsuite>
